Removed Parameter Supplier 1:Digi-Key from Part VT?
Removed Parameter Supplier 1:Digi-Key from Part VT?
Removed Parameter Supplier 1:Digi-Key from Part VT?
Removed Parameter Supplier Part Number 1:IPB60R600P6ATMA1-ND from Part VT?
Removed Parameter Supplier Part Number 1:IPP80P04P4L04AKSA1-ND from Part VT?
Removed Parameter Supplier Part Number 1:IRF540ZPBF-ND from Part VT?
Removed Parameter Value:IPB60R600P6 from Part VT?
Removed Parameter Value:IPB090N06N3 G from Part VT?
Removed Parameter Value:IPP80P04P4L from Part VT?
Removed Parameter Value:IRF540 from Part VT?
Removed Parameter Value:IRF7342 from Part VT?
Removed Parameter Value:IRF8736 from Part VT?
Removed Parameter Value:IRF9317 from Part VT?
Removed Parameter Value:IRFR9024 from Part VT?
Change Value of Parameter ComponentDescription in Part VT? Old=BSC054N04NS G New==Comment
Change Value of Parameter ComponentDescription in Part VT? Old=BSC070N10NS3 G New==Comment
Change Value of Parameter ComponentDescription in Part VT? Old=IPB039N10N3 G New==Comment
Change Value of Parameter ComponentDescription in Part VT? Old=IPB60R600P6 New==Comment
Change Value of Parameter ComponentDescription in Part VT? Old=IPB090N06N3 G New==Comment
Change Value of Parameter ComponentDescription in Part VT? Old=IPP80P04P4L New==Comment
Change Value of Parameter ComponentDescription in Part VT? Old=IRF540 New==Comment
Change Value of Parameter ComponentDescription in Part VT? Old=IRF7342 New==Comment
Change Value of Parameter ComponentDescription in Part VT? Old=IRF8736 New==Comment
Change Value of Parameter ComponentDescription in Part VT? Old=IRF9317 New==Comment
Change Value of Parameter ComponentDescription in Part VT? Old=IRFR3806 New==Comment
Change Value of Parameter ComponentDescription in Part VT? Old=IRFR5305 New==Comment
Change Value of Parameter Comment in Library  Old=Value New=IRFR9024
Change Value of Parameter ComponentDescription in Part VT? Old=IRFR9024 New==Comment
Change Value of Parameter ComponentDescription in Part VT? Old=IRLR2905 New==Comment
