Change Value of Parameter ComponentDescription in Part X? Old=BH2-06 New==Comment
Change Value of Parameter ComponentDescription in Part X? Old=BH-16 New==Comment
Change Value of Parameter ComponentDescription in Part X? Old=BH-20 New==Comment
Change Value of Parameter ComponentDescription in Part X? Old=GSA9500-4 New==Comment
Change Value of Parameter ComponentDescription in Part X? Old=GSL 004R-5.08-02P New==Comment
Change Value of Parameter ComponentDescription in Part X? Old=GSL 004R-5.08-03P New==Comment
Change Value of Parameter ComponentDescription in Part X? Old=GSL 004R-5.08-04P New==Comment
Change Value of Parameter ComponentDescription in Part X? Old=KF25S New==Comment
Change Value of Parameter ComponentDescription in Part X? Old=MKDSN2 5.08 New==Comment
Change Value of Parameter ComponentDescription in Part X? Old=MKDSN3 5.08 New==Comment
Change Component Parameter Comment in X? Old= New=PLD6
Change Value of Parameter ComponentDescription in Part X? Old=PLD6 New==Comment
Change Component Parameter Comment in X? Old= New=PLD6
Change Value of Parameter ComponentDescription in Part X? Old=PLD6 New==Comment
Change Value of Parameter ComponentDescription in Part X? Old=PLHD-4 New==Comment
Change Value of Parameter ComponentDescription in Part X? Old=PLS-2 New==Comment
Change Value of Parameter ComponentDescription in Part X? Old=PLS-3 New==Comment
Change Value of Parameter ComponentDescription in Part X? Old=PLS-4 New==Comment
Change Value of Parameter ComponentDescription in Part X? Old=PLS-6 New==Comment
Change Value of Parameter ComponentDescription in Part X? Old=PLS-8 New==Comment
Change Value of Parameter ComponentDescription in Part X? Old=PLS-14 New==Comment
Change Value of Parameter ComponentDescription in Part X? Old=PLS-15 New==Comment
